Warning: DeliveryProcess:Software-Implementation: missing resource file './../../Soft-Implementation-And-Project-Management/deliveryprocesses/Inicia&ccedil;&atilde;o da Implementa&ccedil;&atilde;o de Software_7D514253.html'
Warning: DeliveryProcess:Software-Implementation: missing resource file './../../Soft-Implementation-And-Project-Management/deliveryprocesses/An&aacute;lise de Requisitos de Software_96E3CE7D.html'
Warning: DeliveryProcess:Software-Implementation: missing resource file './../../Soft-Implementation-And-Project-Management/deliveryprocesses/Identifica&ccedil;&atilde;o dos Componentes de Software_B036AF01.html'
Warning: DeliveryProcess:Software-Implementation: missing resource file './../../Soft-Implementation-And-Project-Management/deliveryprocesses/Constru&ccedil;&atilde;o do Software_D23B7E1.html'
Warning: DeliveryProcess:Software-Implementation: missing resource file './../../Soft-Implementation-And-Project-Management/deliveryprocesses/Integra&ccedil;&atilde;o e Testes do Software_32F1AF1.html'
Warning: DeliveryProcess:Software-Implementation: missing resource file './../../Soft-Implementation-And-Project-Management/deliveryprocesses/Inicia&ccedil;&atilde;o da Implementa&ccedil;&atilde;o de Software_7D514253.html'
Warning: DeliveryProcess:Software-Implementation: missing resource file './../../Soft-Implementation-And-Project-Management/deliveryprocesses/An&aacute;lise de Requisitos de Software_96E3CE7D.html'
Warning: DeliveryProcess:Software-Implementation: missing resource file './../../Soft-Implementation-And-Project-Management/deliveryprocesses/Identifica&ccedil;&atilde;o dos Componentes de Software_B036AF01.html'
Warning: DeliveryProcess:Software-Implementation: missing resource file './../../Soft-Implementation-And-Project-Management/deliveryprocesses/Constru&ccedil;&atilde;o do Software_D23B7E1.html'
Warning: DeliveryProcess:Software-Implementation: missing resource file './../../Soft-Implementation-And-Project-Management/deliveryprocesses/Integra&ccedil;&atilde;o e Testes do Software_32F1AF1.html'
Warning: Activity:Iniciação da Implementação de Software: missing resource file './../../Soft-Implementation-And-Project-Management/deliveryprocesses/resources/Inicia&ccedil;&atilde;o da Implementa&ccedil;&atilde;o de Software_7D514253_ActivityDetail.jpeg'
Warning: Activity:Iniciação da Implementação de Software: missing resource file './../../Soft-Implementation-And-Project-Management/deliveryprocesses/resources/Inicia&ccedil;&atilde;o da Implementa&ccedil;&atilde;o de Software_7D514253_ActivityDetail.jpeg'
Warning: Activity:Análise de Requisitos de Software: missing resource file './../../Soft-Implementation-And-Project-Management/deliveryprocesses/resources/An&aacute;lise de Requisitos de Software_96E3CE7D_ActivityDetail.jpeg'
Warning: Activity:Análise de Requisitos de Software: missing resource file './../../Soft-Implementation-And-Project-Management/deliveryprocesses/resources/An&aacute;lise de Requisitos de Software_96E3CE7D_ActivityDetail.jpeg'
Warning: Activity:Identificação dos Componentes de Software: missing resource file './../../Soft-Implementation-And-Project-Management/deliveryprocesses/resources/Identifica&ccedil;&atilde;o dos Componentes de Software_B036AF01_ActivityDetail.jpeg'
Warning: Activity:Identificação dos Componentes de Software: missing resource file './../../Soft-Implementation-And-Project-Management/deliveryprocesses/resources/Identifica&ccedil;&atilde;o dos Componentes de Software_B036AF01_ActivityDetail.jpeg'
Warning: Activity:Construção do Software: missing resource file './../../Soft-Implementation-And-Project-Management/deliveryprocesses/resources/Constru&ccedil;&atilde;o do Software_D23B7E1_ActivityDetail.jpeg'
Warning: Activity:Construção do Software: missing resource file './../../Soft-Implementation-And-Project-Management/deliveryprocesses/resources/Constru&ccedil;&atilde;o do Software_D23B7E1_ActivityDetail.jpeg'
Warning: Activity:Integração e Testes do Software: missing resource file './../../Soft-Implementation-And-Project-Management/deliveryprocesses/resources/Integra&ccedil;&atilde;o e Testes do Software_32F1AF1_ActivityDetail.jpeg'
Warning: Activity:Integração e Testes do Software: missing resource file './../../Soft-Implementation-And-Project-Management/deliveryprocesses/resources/Integra&ccedil;&atilde;o e Testes do Software_32F1AF1_ActivityDetail.jpeg'
